[debug] [2021-07-06T15:25:19.175Z] ----------------------------------------------------------------------
[debug] [2021-07-06T15:25:19.178Z] Command:       C:\Program Files\nodejs\node.exe C:\Users\Admin\AppData\Roaming\npm\node_modules\firebase-tools\lib\bin\firebase.js deploy
[debug] [2021-07-06T15:25:19.178Z] CLI Version:   9.12.1
[debug] [2021-07-06T15:25:19.178Z] Platform:      win32
[debug] [2021-07-06T15:25:19.178Z] Node Version:  v14.17.0
[debug] [2021-07-06T15:25:19.179Z] Time:          Tue Jul 06 2021 09:25:19 GMT-0600 (hora estándar central)
[debug] [2021-07-06T15:25:19.180Z] ----------------------------------------------------------------------
[debug] 
[debug] [2021-07-06T15:25:19.190Z] > command requires scopes: ["email","openid","https://www.googleapis.com/auth/cloudplatformprojects.readonly","https://www.googleapis.com/auth/firebase","https://www.googleapis.com/auth/cloud-platform"]
[debug] [2021-07-06T15:25:19.190Z] > authorizing via signed-in user (gergerger2009@gmail.com)
[debug] [2021-07-06T15:25:19.190Z] [iam] checking project gabo534 for permissions ["firebase.projects.get","firebasehosting.sites.update"]
[debug] [2021-07-06T15:25:19.192Z] >>> HTTP REQUEST POST https://cloudresourcemanager.googleapis.com/v1/projects/gabo534:testIamPermissions  
 {"permissions":["firebase.projects.get","firebasehosting.sites.update"]}
[debug] [2021-07-06T15:25:26.694Z] <<< HTTP RESPONSE 200 {"content-type":"application/json; charset=UTF-8","vary":"X-Origin, Referer, Origin,Accept-Encoding","date":"Tue, 06 Jul 2021 15:25:27 GMT","server":"ESF","cache-control":"private","x-xss-protection":"0","x-frame-options":"SAMEORIGIN","x-content-type-options":"nosniff","server-timing":"gfet4t7; dur=100","alt-svc":"h3=\":443\"; ma=2592000,h3-29=\":443\"; ma=2592000,h3-T051=\":443\"; ma=2592000,h3-Q050=\":443\"; ma=2592000,h3-Q046=\":443\"; ma=2592000,h3-Q043=\":443\"; ma=2592000,quic=\":443\"; ma=2592000; v=\"46,43\"","accept-ranges":"none","transfer-encoding":"chunked"}
[debug] [2021-07-06T15:25:26.696Z] > refreshing access token with scopes: []
[debug] [2021-07-06T15:25:26.697Z] >>> HTTP REQUEST POST https://www.googleapis.com/oauth2/v3/token  
 <request body omitted>
[debug] [2021-07-06T15:25:37.830Z] Authentication Error: Your credentials are no longer valid. Please run firebase login --reauth

For CI servers and headless environments, generate a new token with firebase login:ci
[debug] [2021-07-06T15:25:38.220Z] FirebaseError: Authentication Error: Your credentials are no longer valid. Please run firebase login --reauth

For CI servers and headless environments, generate a new token with firebase login:ci
    at invalidCredentialError (C:\Users\Admin\AppData\Roaming\npm\node_modules\firebase-tools\lib\auth.js:141:12)
    at refreshTokens (C:\Users\Admin\AppData\Roaming\npm\node_modules\firebase-tools\lib\auth.js:448:15)
    at processTicksAndRejections (internal/process/task_queues.js:95:5)
    at async Client.getAccessToken (C:\Users\Admin\AppData\Roaming\npm\node_modules\firebase-tools\lib\apiv2.js:144:23)
    at async Client.addAuthHeader (C:\Users\Admin\AppData\Roaming\npm\node_modules\firebase-tools\lib\apiv2.js:135:21)
    at async Client.request (C:\Users\Admin\AppData\Roaming\npm\node_modules\firebase-tools\lib\apiv2.js:93:34)
    at async Object.getFirebaseProject (C:\Users\Admin\AppData\Roaming\npm\node_modules\firebase-tools\lib\management\projects.js:290:21)
    at async Object.getDefaultHostingSite (C:\Users\Admin\AppData\Roaming\npm\node_modules\firebase-tools\lib\getDefaultHostingSite.js:8:21)
    at async requireHostingSite (C:\Users\Admin\AppData\Roaming\npm\node_modules\firebase-tools\lib\requireHostingSite.js:9:18)
    at async Object.fn (C:\Users\Admin\AppData\Roaming\npm\node_modules\firebase-tools\lib\commands\deploy.js:66:9)
    at async C:\Users\Admin\AppData\Roaming\npm\node_modules\firebase-tools\lib\command.js:169:17
[error] 
[error] Error: Failed to get Firebase project gabo534. Please make sure the project exists and your account has permission to access it.
